Arguments: 
  /usr/local/bin/node /usr/local/Cellar/yarn/1.22.5/libexec/bin/yarn.js

PATH: 
  /usr/local/bin:/usr/bin:/bin:/usr/sbin:/sbin

Yarn version: 
  1.22.5

Node version: 
  14.15.5

Platform: 
  darwin x64

Trace: 
  SyntaxError: /Users/jacobfletcher/dev/faceless-ui/slider/package.json: Unexpected token ] in JSON at position 383
      at JSON.parse (<anonymous>)
      at /usr/local/Cellar/yarn/1.22.5/libexec/lib/cli.js:1625:59
      at Generator.next (<anonymous>)
      at step (/usr/local/Cellar/yarn/1.22.5/libexec/lib/cli.js:310:30)
      at /usr/local/Cellar/yarn/1.22.5/libexec/lib/cli.js:321:13

npm manifest: 
  {
    "name": "@faceless-ui/slider",
    "version": "0.0.1",
    "main": "dist/build.bundle.js",
    "repository": "git@github.com:faceless-ui/slider.git",
    "description": "Natural-scroll React slider",
    "author": "<dev@trbl.design>",
    "license": "MIT",
    "keywords": [
      "react",
      "react-component",
      "slider",
      "scroll",
      "slide",
      "react-slick",
      "slick-slider",
    ],
    "scripts": {
      "build": "yarn lint && webpack --config webpack.production.config.js",
      "dev": "webpack-dev-server --hot --inline --config webpack.development.config.js",
      "lint": "eslint .",
      "test": "jest"
    },
    "peerDependencies": {
      "react": "^17.0.0",
      "react-dom": "^17.0.0"
    },
    "devDependencies": {
      "@trbl/eslint-config": "^2.0.3",
      "@types/jest": "^26.0.20",
      "@types/node": "^14.14.22",
      "@types/react": "^17.0.0",
      "@typescript-eslint/eslint-plugin": "^4.11.1",
      "@typescript-eslint/parser": "^4.11.1",
      "enzyme": "^3.11.0",
      "enzyme-adapter-react-16": "^1.15.2",
      "eslint": "^7.16.0",
      "eslint-plugin-import": "^2.20.0",
      "eslint-plugin-jest": "^24.1.3",
      "eslint-plugin-jest-dom": "^3.6.5",
      "eslint-plugin-jsx-a11y": "^6.2.3",
      "eslint-plugin-node": "^11.1.0",
      "eslint-plugin-react": "7.20.0",
      "eslint-plugin-react-hooks": "^4.2.0",
      "eslint-webpack-plugin": "^2.4.1",
      "html-webpack-plugin": "^3.2.0",
      "husky": "^4.2.1",
      "jest": "^25.1.0",
      "lint-staged": "^10.0.6",
      "react": "^17.0.0",
      "react-dom": "^17.0.0",
      "react-hot-loader": "^4.12.19",
      "ts-loader": "^8.0.14",
      "typescript": "^4.1.3",
      "webpack": "^4.41.4",
      "webpack-cli": "^3.3.10",
      "webpack-dev-server": "^3.10.1"
    },
    "lint-staged": {
      "*.js": "yarn lint"
    },
    "husky": {
      "hooks": {
        "pre-commit": "lint-staged"
      }
    },
    "files": [
      "dist/build.bundle.js",
      "dist/build.bundle.js.map"
    ]
  }

yarn manifest: 
  No manifest

Lockfile: 
  # THIS IS AN AUTOGENERATED FILE. DO NOT EDIT THIS FILE DIRECTLY.
  # yarn lockfile v1
